========================================================================= 
Log Path: summary.log 
[1] "Program Path: /ceph/users/jbenja13/github_projects/aanri_phase1/wgcna_analysis/caudate/aa_corr/_h/correlation.R"
[1] "Working Directory: /ceph/users/jbenja13/github_projects/aanri_phase1/wgcna_analysis/caudate/aa_corr/_m"
User Name: jbenja13 
R Version: 4.1.2 (2021-11-01) 
Machine: qvm7 x86_64 
Operating System: Linux 5.15.5-arch1-1 #1 SMP PREEMPT Thu, 25 Nov 2021 22:09:33 +0000 
[1] "Base Packages: stats graphics grDevices utils datasets methods base\nOther Packages: ggpubr_0.4.0 ggplot2_3.3.5 dplyr_1.0.8 "
Log Start Time: 2022-04-15 17:05:00 
========================================================================= 

Significantly correlated modules: AA+EA 

NOTE: Log Print Time:  2022-04-15 17:05:01 
NOTE: Elapsed Time in seconds: 0.546800136566162 

    Modules        Rho       Pvalue        FDR
1  MEviolet -0.2376683 0.0002757979 0.01020452
2 MEskyblue -0.1593326 0.0155758706 0.28815361
3 MEmagenta -0.1338802 0.0425120843 0.38830793

NOTE: Data frame has 3 rows and 4 columns. 

NOTE: Log Print Time:  2022-04-15 17:05:02 
NOTE: Elapsed Time in seconds: 1.65348505973816 

Correlated modules: AA only 

NOTE: Log Print Time:  2022-04-15 17:05:04 
NOTE: Elapsed Time in seconds: 1.37810349464417 

         Modules        Rho     Pvalue       FDR
1         MEgrey -0.1753434 0.05974537 0.9311454
2         MEcyan -0.1528290 0.10145719 0.9311454
3  MEsaddlebrown  0.1409973 0.13112140 0.9311454
4       MEviolet -0.1355260 0.14690432 0.9311454
5  MElightyellow  0.1224362 0.19042282 0.9311454
6   MElightgreen -0.1212619 0.19474204 0.9311454
7       MEyellow  0.1194402 0.20158239 0.9311454
8        MEgreen  0.1105819 0.23731162 0.9311454
9       MEorange  0.1088368 0.24484071 0.9311454
10   MEdarkgreen  0.1016903 0.27739234 0.9311454

NOTE: Data frame has 10 rows and 4 columns. 

NOTE: Log Print Time:  2022-04-15 17:05:08 
NOTE: Elapsed Time in seconds: 4.2548623085022 

