Effect size:
                           posterior_mean                                                                      
                                    count      mean       std       min       25%       50%       75%       max
region        feature_type                                                                                     
Caudate       Gene                 6657.0  0.000067  0.104002 -1.970445 -0.056264  0.026434  0.056511  1.012290
              Transcript           7854.0  0.003406  0.120125 -1.016850 -0.064362  0.027535  0.068485  1.420383
              Exon               108709.0  0.000584  0.075599 -1.984479 -0.049668  0.025506  0.050747  1.145301
              Junction            49464.0 -0.000713  0.081678 -1.843712 -0.054029  0.024010  0.053446  1.045750
DLPFC         Gene                 6148.0  0.002693  0.097878 -1.953716 -0.051018  0.026918  0.054643  1.100973
              Transcript           7541.0  0.003238  0.131514 -1.168398 -0.062354  0.028662  0.068410  1.417869
              Exon                99351.0  0.001188  0.070534 -1.953246 -0.046094  0.025456  0.047437  1.522876
              Junction            45981.0  0.002421  0.076119 -1.545059 -0.047371  0.026735  0.050948  0.960991
Dentate Gyrus Gene                 4154.0  0.001882  0.203962 -2.024799 -0.124976  0.044814  0.126329  1.153768
              Transcript           5857.0 -0.003533  0.341997 -2.424591 -0.178155  0.073874  0.184938  1.757249
              Exon                67239.0 -0.002778  0.155243 -1.983571 -0.111062 -0.061937  0.108546  1.388851
              Junction            35216.0 -0.003268  0.168995 -2.851095 -0.118279 -0.064491  0.115596  1.580975
Hippocampus   Gene                 7006.0  0.002706  0.093288 -1.400379 -0.050969  0.025247  0.055754  0.884102
              Transcript           8305.0  0.003140  0.138198 -1.295074 -0.063091  0.025100  0.068899  1.089719
              Exon               114652.0  0.000792  0.070565 -1.381302 -0.046899  0.023099  0.048006  1.720458
              Junction            53727.0 -0.000763  0.079840 -1.655605 -0.052111 -0.021713  0.051944  1.187038
