Significant DE (lfsr < 0.05) in Caudate
effect

Gene:		3281
Transcript:	3849
Exon:		2353
Junction:	2452

gene_id

Gene:		531
Transcript:	617
Exon:		510
Junction:	436

gencodeID

Gene:		531
Transcript:	580
Exon:		330
Junction:	275

Significant DE (lfsr < 0.05) in Dentate_Gyrus
effect

Gene:		5484
Transcript:	28102
Exon:		4346
Junction:	61494

gene_id

Gene:		942
Transcript:	4443
Exon:		773
Junction:	8427

gencodeID

Gene:		942
Transcript:	3529
Exon:		481
Junction:	4748

Significant DE (lfsr < 0.05) in DLPFC
effect

Gene:		3441
Transcript:	3853
Exon:		2189
Junction:	2609

gene_id

Gene:		573
Transcript:	619
Exon:		483
Junction:	508

gencodeID

Gene:		573
Transcript:	582
Exon:		314
Junction:	332

Significant DE (lfsr < 0.05) in Hippocampus
effect

Gene:		3371
Transcript:	4315
Exon:		2196
Junction:	3111

gene_id

Gene:		531
Transcript:	716
Exon:		483
Junction:	613

gencodeID

Gene:		531
Transcript:	671
Exon:		312
Junction:	419

