Effect size:
                           posterior_mean                                                                        
                                    count      mean       std        min       25%       50%       75%        max
region        feature_type                                                                                       
Caudate       Gene                 1365.0  0.040940  0.708839  -6.366774 -0.461254  0.265730  0.488101   2.494349
              Transcript           2040.0  0.077249  1.165556  -5.722348 -0.713433  0.384168  0.833423   6.116885
              Exon                 6874.0  0.081105  0.669508  -6.708365 -0.482150  0.367981  0.543340   4.436663
              Junction             2032.0  0.038289  0.826150  -6.545567 -0.588630  0.402941  0.613490   4.566295
DLPFC         Gene                 1284.0 -0.061010  0.632426  -6.067735 -0.429662 -0.226804  0.376980   2.118248
              Transcript           2603.0 -0.058288  1.271394 -13.403375 -0.752290 -0.274776  0.746124   5.548471
              Exon                 6736.0 -0.119739  0.599829  -5.981062 -0.514306 -0.359962  0.400903   5.585281
              Junction             1857.0 -0.023494  0.839116  -7.107240 -0.578251 -0.301915  0.572666   4.341284
Dentate Gyrus Gene                 1654.0 -0.250431  1.617326  -5.827341 -1.303188 -0.764962  1.013835   6.480396
              Transcript           4065.0  0.111484  3.415970 -21.700149 -2.134228  0.793026  2.310802  16.551557
              Exon                 8416.0 -0.186032  1.555359  -9.656622 -1.357231 -0.913550  1.198630   6.822199
              Junction             2764.0  0.020817  2.038237 -16.856625 -1.552309  0.786972  1.588704  10.709256
Hippocampus   Gene                 1203.0  0.016984  0.624807  -4.963824 -0.436714  0.233114  0.453940   2.477146
              Transcript           2636.0 -0.075736  1.363722  -7.697963 -0.898040 -0.294672  0.815044   5.481290
              Exon                 5320.0 -0.015348  0.653256  -5.165779 -0.493466 -0.282263  0.473989   4.951532
              Junction             1799.0 -0.093577  0.889110  -4.051299 -0.672990 -0.417771  0.589965   3.894282
