Effect size:
                         posterior_mean                                                                        
                                  count      mean       std        min       25%       50%       75%        max
Tissue        Type                                                                                             
Caudate       Gene               1273.0 -0.020653  0.705855  -4.655200 -0.500481 -0.214309  0.466915   3.018219
              Transcript         1949.0  0.003457  1.195283  -6.335943 -0.780215 -0.259554  0.797590   6.349993
              Exon               5264.0 -0.003463  0.704283  -6.874560 -0.535042 -0.273696  0.526248   4.042344
              Junction           1621.0 -0.041738  0.840115  -6.594699 -0.643247 -0.400840  0.604857   4.024911
DLPFC         Gene               1075.0 -0.026823  0.663405  -6.225975 -0.427080 -0.195138  0.417739   2.079780
              Transcript         2462.0 -0.097311  1.365012 -12.104930 -0.837869 -0.311827  0.770071   5.735316
              Exon               5552.0 -0.112068  0.634474  -6.053110 -0.530036 -0.368187  0.420475   5.495682
              Junction           1625.0 -0.015633  0.888527  -6.656170 -0.596838 -0.322033  0.588404   4.422829
Dentate Gyrus Gene                997.0  0.188716  1.419629  -8.475019 -0.891484  0.596825  1.088156   5.961732
              Transcript         3153.0  0.122968  2.880328 -16.185489 -1.785314  0.862881  1.916593  11.772955
              Exon               4630.0  0.144308  1.394407  -7.415233 -1.010395  0.693811  1.152383   7.377147
              Junction           1527.0  0.044609  1.907371 -14.130124 -1.385416  0.803970  1.465963   8.436870
Hippocampus   Gene               1025.0  0.014352  0.637518  -4.906685 -0.448207  0.229239  0.467355   2.058252
              Transcript         2643.0 -0.115498  1.396252  -8.645384 -0.958793 -0.399142  0.838215   5.811911
              Exon               4571.0  0.002197  0.683810  -5.183359 -0.513693 -0.244805  0.506666   4.654076
              Junction           1681.0 -0.073514  0.924467  -3.815541 -0.676258 -0.415314  0.620805   3.803832
