Significant DE (lfsr < 0.05) in Caudate
Effect

Gene:		1273
Transcript:	1949
Exon:		5264
Junction:	1621

gencodeID

Gene:		1273
Transcript:	1728
Exon:		2991
Junction:	1116

Significant DE (lfsr < 0.05) in Dentate.Gyrus
Effect

Gene:		997
Transcript:	3153
Exon:		4630
Junction:	1527

gencodeID

Gene:		997
Transcript:	2701
Exon:		2737
Junction:	1105

Significant DE (lfsr < 0.05) in DLPFC
Effect

Gene:		1075
Transcript:	2462
Exon:		5552
Junction:	1625

gencodeID

Gene:		1075
Transcript:	2126
Exon:		3140
Junction:	1138

Significant DE (lfsr < 0.05) in Hippocampus
Effect

Gene:		1025
Transcript:	2643
Exon:		4571
Junction:	1681

gencodeID

Gene:		1025
Transcript:	2263
Exon:		2717
Junction:	1177

