Significant DE (lfsr < 0.05) in Caudate
Effect

Gene:		4960
Transcript:	8952
Exon:		38040
Junction:	11749

gencodeID

Gene:		4960
Transcript:	6071
Exon:		10184
Junction:	4701

Significant DE (lfsr < 0.05) in Dentate.Gyrus
Effect

Gene:		4240
Transcript:	10563
Exon:		30679
Junction:	10199

gencodeID

Gene:		4240
Transcript:	6962
Exon:		9341
Junction:	4578

Significant DE (lfsr < 0.05) in DLPFC
Effect

Gene:		4915
Transcript:	10245
Exon:		39998
Junction:	12250

gencodeID

Gene:		4915
Transcript:	6794
Exon:		10642
Junction:	5017

Significant DE (lfsr < 0.05) in Hippocampus
Effect

Gene:		4974
Transcript:	10786
Exon:		38880
Junction:	11943

gencodeID

Gene:		4974
Transcript:	6960
Exon:		10451
Junction:	4848

