Effect size:
                           posterior_mean                                                                        
                                    count      mean       std        min       25%       50%       75%        max
region        feature_type                                                                                       
Caudate       Gene                 1283.0 -0.100138  0.818037  -5.990975 -0.624081 -0.316294  0.505806   3.461353
              Transcript           1800.0  0.056985  1.329563  -6.834559 -0.829219  0.390915  0.957553   8.424319
              Exon                 5320.0 -0.069212  0.789605  -6.172910 -0.628753 -0.411364  0.553543   4.810775
              Junction             1592.0 -0.018723  0.932923  -3.549131 -0.719080 -0.396833  0.681054   4.474871
DLPFC         Gene                 1107.0 -0.074636  0.706276  -6.199624 -0.511850 -0.270544  0.457682   2.368939
              Transcript           2328.0  0.025851  1.400978 -10.804988 -0.790285  0.306608  0.895991   7.521817
              Exon                 5484.0 -0.169649  0.693645  -6.420030 -0.609391 -0.434339  0.454204   6.451640
              Junction             1626.0 -0.103475  0.938698  -4.903260 -0.694067 -0.462030  0.632859   4.013548
Dentate Gyrus Gene                 1283.0  0.221915  1.600131  -6.738627 -0.954201  0.705501  1.288369   6.987673
              Transcript           3278.0 -0.014478  3.422481 -18.078692 -2.250020 -0.920936  2.268142  17.671574
              Exon                 5477.0  0.122075  1.627208  -8.303790 -1.260924  0.807997  1.397951   7.922544
              Junction             1930.0  0.152503  2.063448 -12.294550 -1.633685  1.135071  1.755012   8.133978
Hippocampus   Gene                 1145.0 -0.013254  0.718975  -5.811634 -0.529469  0.227228  0.518172   2.283395
              Transcript           2430.0 -0.090595  1.493373  -6.623418 -1.002743 -0.431176  0.937849   6.226402
              Exon                 5191.0 -0.027612  0.721951  -5.901084 -0.578164 -0.361311  0.548266   4.686254
              Junction             1778.0 -0.025857  0.964113  -4.480992 -0.726712  0.394842  0.713678   4.186360
