feature_id size:
                           posterior_mean                                                                      
                                    count      mean       std       min       25%       50%       75%       max
region        feature_type                                                                                     
Caudate       Gene                 2877.0  0.026984  0.317774 -4.587014 -0.136743  0.089474  0.172280  2.715628
              Transcript           4144.0  0.032923  0.530835 -4.635453 -0.297517  0.137065  0.339710  4.465597
              Exon                17003.0  0.025264  0.291441 -4.257601 -0.149774  0.096455  0.168476  2.845342
              Junction             5061.0  0.032424  0.417182 -3.933813 -0.185144  0.117341  0.215922  4.381560
DLPFC         Gene                 3318.0  0.028712  0.289813 -6.011718 -0.117310  0.080026  0.158616  2.800931
              Transcript           6218.0  0.021109  0.576699 -5.525676 -0.313959  0.111113  0.332228  6.060196
              Exon                20166.0  0.019309  0.266176 -5.984418 -0.124716  0.079743  0.144424  2.689300
              Junction             6129.0  0.026217  0.386909 -3.083368 -0.166994  0.097920  0.186034  4.258896
Dentate Gyrus Gene                 2219.0  0.020880  0.458790 -5.438042 -0.265131  0.137066  0.296435  2.715664
              Transcript           6679.0  0.028866  0.997721 -4.874860 -0.612304 -0.012746  0.650651  6.531446
              Exon                11941.0  0.010257  0.459572 -5.763603 -0.274411  0.153984  0.287620  2.725244
              Junction             4024.0  0.025282  0.652378 -4.566289 -0.337964  0.203804  0.382703  4.870838
Hippocampus   Gene                 2818.0  0.036209  0.287248 -4.386972 -0.118845  0.090932  0.167731  2.337955
              Transcript           5844.0 -0.038295  0.552431 -6.262042 -0.350129 -0.142690  0.291845  5.813953
              Exon                17941.0  0.034164  0.261481 -4.329052 -0.123988  0.094762  0.158349  2.439724
              Junction             5207.0  0.034513  0.404426 -3.530150 -0.168935  0.119637  0.202104  3.927446
