========================================================================= 
Log Path: summary.log 
[1] "Program Path: /ceph/users/jbenja13/github_projects/aanri_phase1/wgcna_analysis/hippocampus/aa_corr/_h/correlation.R"
[1] "Working Directory: /ceph/users/jbenja13/github_projects/aanri_phase1/wgcna_analysis/hippocampus/aa_corr/_m"
User Name: jbenja13 
R Version: 4.1.2 (2021-11-01) 
Machine: qvm7 x86_64 
Operating System: Linux 5.15.5-arch1-1 #1 SMP PREEMPT Thu, 25 Nov 2021 22:09:33 +0000 
[1] "Base Packages: stats graphics grDevices utils datasets methods base\nOther Packages: ggpubr_0.4.0 ggplot2_3.3.5 dplyr_1.0.8 "
Log Start Time: 2022-04-15 17:05:46 
========================================================================= 

Significantly correlated modules: AA+EA 

NOTE: Log Print Time:  2022-04-15 17:05:47 
NOTE: Elapsed Time in seconds: 0.4675612449646 

        Modules        Rho       Pvalue        FDR
1       MEbrown  0.2142915 0.0009956639 0.03783523
2        MEgrey -0.1887614 0.0038296291 0.07276295
3 MEsaddlebrown  0.1473345 0.0245025391 0.26649319
4   MEroyalblue -0.1439254 0.0280519150 0.26649319

NOTE: Data frame has 4 rows and 4 columns. 

NOTE: Log Print Time:  2022-04-15 17:05:48 
NOTE: Elapsed Time in seconds: 1.63237452507019 

Correlated modules: AA only 

NOTE: Log Print Time:  2022-04-15 17:05:50 
NOTE: Elapsed Time in seconds: 1.23374342918396 

          Modules         Rho     Pvalue       FDR
1         MEwhite -0.18003943 0.04281987 0.8940364
2     MElightcyan -0.13518113 0.12969243 0.8940364
3  MEmidnightblue -0.13517943 0.12969728 0.8940364
4          MEblue -0.13163808 0.14014646 0.8940364
5         MEbrown  0.11910384 0.18229769 0.8940364
6      MEdarkgrey  0.11238212 0.20841012 0.8940364
7         MEblack -0.10582839 0.23634894 0.8940364
8       MEmagenta  0.09186763 0.30431058 0.8940364
9        MEpurple -0.08449668 0.34491183 0.8940364
10  MEgreenyellow  0.08322257 0.35226104 0.8940364

NOTE: Data frame has 10 rows and 4 columns. 

NOTE: Log Print Time:  2022-04-15 17:05:53 
NOTE: Elapsed Time in seconds: 3.44308066368103 

